\BOOKMARK [1][-]{section.5}{\376\377\160\355\133\146}{}% 1
\BOOKMARK [2][-]{subsection.5.0}{\376\377\176\352\212\000}{section.5}% 2
\BOOKMARK [3][-]{subsubsection.5.0.1}{\376\377\160\355\133\146\127\372\147\054\151\202\137\365}{subsection.5.0}% 3
\BOOKMARK [2][-]{subsection.5.1}{\376\377\154\024\117\123\122\250\164\006\213\272}{section.5}% 4
\BOOKMARK [3][-]{subsubsection.5.1.1}{\376\377\156\051\136\246}{subsection.5.1}% 5
\BOOKMARK [3][-]{subsubsection.5.1.2}{\376\377\121\205\200\375}{subsection.5.1}% 6
\BOOKMARK [3][-]{subsubsection.5.1.3}{\376\377\122\006\133\120\166\204\220\037\163\207\124\214\200\375\221\317\122\006\136\003}{subsection.5.1}% 7
\BOOKMARK [3][-]{subsubsection*.2}{\376\377\000[\0000\000p\000t\000]\000[\000r\000]\000*\0005\000.\0001\000.\0004\000v\000a\000n\000\040\000d\000e\000r\000\040\000W\000a\000a\000l\000s\000\040\145\271\172\013}{subsection.5.1}% 8
\BOOKMARK [3][-]{subsubsection.5.1.5}{\376\377\136\163\127\107\201\352\165\061\172\013\116\016\217\223\217\320\217\307\172\013}{subsection.5.1}% 9
\BOOKMARK [2][-]{subsection.5.2}{\376\377\160\355\122\233\133\146\173\054\116\000\133\232\137\213}{section.5}% 10
\BOOKMARK [3][-]{subsubsection.5.2.0}{\376\377\121\306\227\131\140\001\217\307\172\013}{subsection.5.2}% 11
\BOOKMARK [3][-]{subsubsection.5.2.1}{\376\377\160\355\122\233\133\146\116\055\166\204\121\205\200\375\060\001\160\355\221\317\060\001\122\237}{subsection.5.2}% 12
\BOOKMARK [3][-]{subsubsection.5.2.2}{\376\377\160\355\133\271\221\317}{subsection.5.2}% 13
\BOOKMARK [3][-]{subsubsection.5.2.3}{\376\377\176\335\160\355\217\307\172\013}{subsection.5.2}% 14
\BOOKMARK [3][-]{subsubsection.5.2.4}{\376\377\137\252\163\257\217\307\172\013}{subsection.5.2}% 15
\BOOKMARK [2][-]{subsection.5.3}{\376\377\160\355\122\233\133\146\173\054\116\214\133\232\137\213}{section.5}% 16
\BOOKMARK [3][-]{subsubsection.5.3.1}{\376\377\160\355\122\233\133\146\173\054\116\214\133\232\137\213\166\204\210\150\217\360}{subsection.5.3}% 17
\BOOKMARK [1][-]{section.6}{\376\377\121\111\133\146}{}% 18
\BOOKMARK [2][-]{subsection.6.0}{\376\377\121\111\133\146\127\372\147\054\151\202\137\365}{section.6}% 19
\BOOKMARK [2][-]{subsection.6.1}{\376\377\121\111\166\204\136\162\155\211}{section.6}% 20
\BOOKMARK [3][-]{subsubsection.6.1.1}{\376\377\121\111\156\220\166\204\166\370\136\162\140\047}{subsection.6.1}% 21
\BOOKMARK [1][-]{appendix.A}{\376\377\137\305\211\201\166\204\145\160\133\146\121\306\131\007}{}% 22
\BOOKMARK [2][-]{subsection.A.1}{\376\377\167\342\221\317\217\320\173\227}{appendix.A}% 23
\BOOKMARK [3][-]{subsubsection.A.1.1}{\376\377\167\342\221\317\116\130\154\325}{subsection.A.1}% 24
\BOOKMARK [3][-]{subsubsection.A.1.2}{\376\377\167\342\221\317\137\256\122\006}{subsection.A.1}% 25
